<?xml version="1.0" encoding="UTF-8"?>
<testng-results ignored="0" total="2" passed="2" failed="0" skipped="0">
  <reporter-output>
    <line>
      <![CDATA[Ebay product Search Test is Successful...]]>
    </line>
    <line>
      <![CDATA[Amazon product Search Test is Successful...]]>
    </line>
  </reporter-output>
  <suite started-at="2022-12-14T09:48:40 IST" name="Suite" finished-at="2022-12-14T09:49:01 IST" duration-ms="20181">
    <groups>
    </groups>
    <test started-at="2022-12-14T09:48:40 IST" name="Test" finished-at="2022-12-14T09:49:01 IST" duration-ms="20181">
      <class name="pkg1.Test2">
        <test-method signature="aSearch()[pri:0, instance:pkg1.Test2@306cf3ea]" started-at="2022-12-14T09:48:41 IST" name="aSearch" finished-at="2022-12-14T09:48:50 IST" duration-ms="9384" status="PASS">
          <reporter-output>
            <line>
              <![CDATA[Ebay product Search Test is Successful...]]>
            </line>
          </reporter-output>
        </test-method> <!-- aSearch -->
      </class> <!-- pkg1.Test2 -->
      <class name="pkg1.Test3">
        <test-method signature="aSearch()[pri:0, instance:pkg1.Test3@7690781]" started-at="2022-12-14T09:48:50 IST" name="aSearch" finished-at="2022-12-14T09:49:01 IST" duration-ms="10760" status="PASS">
          <reporter-output>
            <line>
              <![CDATA[Amazon product Search Test is Successful...]]>
            </line>
          </reporter-output>
        </test-method> <!-- aSearch -->
      </class> <!-- pkg1.Test3 -->
    </test> <!-- Test -->
  </suite> <!-- Suite -->
</testng-results>
